[2022-12-12 15:50:51] hello
[2022-12-12 15:50:51] [info] 提示信息
[2022-12-12 15:50:51] [warn] 警告提醒
[2022-12-12 15:50:51] [error] 一般错误
[2022-12-12 15:50:51] [fail] 致命错误
[2022-12-12 16:03:17] hello
[2022-12-12 16:03:17] [info] 提示信息
[2022-12-12 16:03:17] [warn] 警告提醒
[2022-12-12 16:03:17] [error] 一般错误
[2022-12-12 16:03:17] [fail] 致命错误
[2022-12-12 16:03:31] hello
[2022-12-12 16:03:31] [info] 提示信息
[2022-12-12 16:03:31] [warn] 警告提醒
[2022-12-12 16:03:31] [error] 一般错误
[2022-12-12 16:03:31] [fail] 致命错误
[2022-12-12 16:04:38] hello
[2022-12-12 16:04:38] [info] 提示信息
[2022-12-12 16:04:38] [warn] 警告提醒
[2022-12-12 16:04:38] [error] 一般错误
[2022-12-12 16:04:38] [fail] 致命错误
